#
# A fatal error has been detected by the Java Runtime Environment:
#
#  SIGSEGV (0xb) at pc=0x00000001230cd469, pid=95899, tid=0x0000000000013f0f
#
# JRE version: Java(TM) SE Runtime Environment (8.0_144-b01) (build 1.8.0_144-b01)
# Java VM: Java HotSpot(TM) 64-Bit Server VM (25.144-b01 mixed mode bsd-amd64 compressed oops)
# Problematic frame:
# C  [libawt_lwawt.dylib+0x1c469]  OGLSD_SetScratchSurface+0x53
#
# Failed to write core dump. Core dumps have been disabled. To enable core dumping, try "ulimit -c unlimited" before starting Java again
#
# If you would like to submit a bug report, please visit:
#   http://bugreport.java.com/bugreport/crash.jsp
# The crash happened outside the Java Virtual Machine in native code.
# See problematic frame for where to report the bug.
#

---------------  T H R E A D  ---------------

Current thread (0x00007fdde31cb000):  JavaThread "Java2D Queue Flusher" daemon [_thread_in_native, id=81679, stack(0x0000700002774000,0x0000700002874000)]

siginfo: si_signo: 11 (SIGSEGV), si_code: 0 (unknown), si_addr: 0x0000000000000000

Registers:
RAX=0x00007fdde397c038, RBX=0x00007fff9b2a0002, RCX=0x00007fdde397c040, RDX=0x00000001230ee258
RSP=0x0000700002873730, RBP=0x0000700002873750, RSI=0x00007fdde843e2e0, RDI=0x00007fdde397c038
R8 =0x0000000000000163, R9 =0xffffffff00000000, R10=0x000000010d149bf8, R11=0x000000010d28b440
R12=0x0000000000000000, R13=0x00007000028738e8, R14=0x00007fdde31cb1f8, R15=0x14bc00007fff407b
RIP=0x00000001230cd469, EFLAGS=0x0000000000010206, ERR=0x0000000000000000
  TRAPNO=0x000000000000000d

Top of Stack: (sp=0x0000700002873730)
0x0000700002873730:   00007fdde843e2e0 0000000000000000
0x0000700002873740:   00007fdde433bc10 00007fdde31cb000
0x0000700002873750:   00007000028737d0 00000001230edd36
0x0000700002873760:   00007fdde2d83c00 0000000200000001
0x0000700002873770:   0000000000000000 00007fdd00000000
0x0000700002873780:   0000000000000000 0000000000000000
0x0000700002873790:   00007000028737d0 00007fdde433bc20
0x00007000028737a0:   0000000000000000 00007fdde31cb1f8
0x00007000028737b0:   0000000160c094c8 0000000000000000
0x00007000028737c0:   0000700002873968 00007fdde31cb000
0x00007000028737d0:   0000700002873820 000000010d149c6a
0x00007000028737e0:   0000000740072660 000000010a600a00
0x00007000028737f0:   0000000000000064 0000000000000000
0x0000700002873800:   0000000000000064 00007fdde2d834d8
0x0000700002873810:   0000700002873870 000000010a4181e8
0x0000700002873820:   0000700002873940 000000010d48ea7c
0x0000700002873830:   0000000000000001 00007fdde2d84380
0x0000700002873840:   0000000740072700 00007fdde31cb000
0x0000700002873850:   00007fdde31cb000 000000011fc20a00
0x0000700002873860:   0000700002873968 00007fdde31cb000
0x0000700002873870:   00007000028738c0 000000010cea30e8
0x0000700002873880:   0000000740072660 000000010cf5b266
0x0000700002873890:   0000700002873940 000000010d28b49c
0x00007000028738a0:   000000012c38f384 00007000028738e8
0x00007000028738b0:   000000012c38f400 0000000000000000
0x00007000028738c0:   0000700002873940 000000010cc282bd
0x00007000028738d0:   0000700002873940 000000010cc282bd
0x00007000028738e0:   000000010cc282bd 0000000740072660
0x00007000028738f0:   0000000000000003 0000000740072738
0x0000700002873900:   00007000028738f0 0000000120138b01
0x0000700002873910:   0000700002873968 0000000120139388
0x0000700002873920:   0000000000000000 0000000120138c08 

Instructions: (pc=0x00000001230cd469)
0x00000001230cd449:   48 85 db 75 0e bf 01 00 00 00 48 8d 15 67 7b 03
0x00000001230cd459:   00 eb d6 49 89 fe 4c 8b 3b 30 c0 e8 21 a6 02 00
0x00000001230cd469:   49 8b 3f 49 89 c4 48 8b 35 aa 02 06 00 30 c0 e8
0x00000001230cd479:   51 a7 02 00 48 85 c0 75 4e 30 c0 e8 9f 0f 02 00 

Register to memory mapping:

RAX=0x00007fdde397c038 is an unknown value
RBX=0x00007fff9b2a0002: _ZTV11HIClockView+0x28a in /System/Library/Frameworks/Carbon.framework/Versions/A/Frameworks/HIToolbox.framework/Versions/A/HIToolbox at 0x00007fff406d6000
RCX=0x00007fdde397c040 is an unknown value
RDX=0x00000001230ee258: Java_sun_java2d_opengl_OGLRenderQueue_flushBuffer+0xb5c in /Library/Java/JavaVirtualMachines/jdk1.8.0_144.jdk/Contents/Home/jre/lib/libawt_lwawt.dylib at 0x00000001230b1000
RSP=0x0000700002873730 is pointing into the stack for thread: 0x00007fdde31cb000
RBP=0x0000700002873750 is pointing into the stack for thread: 0x00007fdde31cb000
RSI=0x00007fdde843e2e0 is an unknown value
RDI=0x00007fdde397c038 is an unknown value
R8 =0x0000000000000163 is an unknown value
R9 =0xffffffff00000000 is an unknown value
R10=0x000000010d149bf8 is at entry_point+56 in (nmethod*)0x000000010d149a50
R11=0x000000010d28b440 is at entry_point+0 in (nmethod*)0x000000010d28b2d0
R12=0x0000000000000000 is an unknown value
R13=0x00007000028738e8 is pointing into the stack for thread: 0x00007fdde31cb000
R14=0x00007fdde31cb1f8 is an unknown value
R15=0x14bc00007fff407b is an unknown value


Stack: [0x0000700002774000,0x0000700002874000],  sp=0x0000700002873730,  free space=1021k
Native frames: (J=compiled Java code, j=interpreted, Vv=VM code, C=native code)
C  [libawt_lwawt.dylib+0x1c469]  OGLSD_SetScratchSurface+0x53
C  [libawt_lwawt.dylib+0x3cd36]  Java_sun_java2d_opengl_OGLRenderQueue_flushBuffer+0x63a
J 3073  sun.java2d.opengl.OGLRenderQueue.flushBuffer(JI)V (0 bytes) @ 0x000000010d149c6a [0x000000010d149bc0+0xaa]
J 3069 C1 sun.java2d.opengl.OGLRenderQueue.flushBuffer()V (41 bytes) @ 0x000000010d48ea7c [0x000000010d48e820+0x25c]
J 3068 C1 sun.java2d.opengl.OGLRenderQueue.access$100(Lsun/java2d/opengl/OGLRenderQueue;)V (5 bytes) @ 0x000000010d28b49c [0x000000010d28b440+0x5c]
j  sun.java2d.opengl.OGLRenderQueue$QueueFlusher.run()V+81
v  ~StubRoutines::call_stub
V  [libjvm.dylib+0x2ee70a]  JavaCalls::call_helper(JavaValue*, methodHandle*, JavaCallArguments*, Thread*)+0x6ae
V  [libjvm.dylib+0x2eeeae]  JavaCalls::call_virtual(JavaValue*, KlassHandle, Symbol*, Symbol*, JavaCallArguments*, Thread*)+0x164
V  [libjvm.dylib+0x2ef05a]  JavaCalls::call_virtual(JavaValue*, Handle, KlassHandle, Symbol*, Symbol*, Thread*)+0x4a
V  [libjvm.dylib+0x3497b1]  thread_entry(JavaThread*, Thread*)+0x7c
V  [libjvm.dylib+0x56c0b3]  JavaThread::thread_main_inner()+0x9b
V  [libjvm.dylib+0x56d7a0]  JavaThread::run()+0x1c2
V  [libjvm.dylib+0x48baee]  java_start(Thread*)+0xf6
C  [libsystem_pthread.dylib+0x3661]  _pthread_body+0x154
C  [libsystem_pthread.dylib+0x350d]  _pthread_body+0x0
C  [libsystem_pthread.dylib+0x2bf9]  thread_start+0xd
C  0x0000000000000000

Java frames: (J=compiled Java code, j=interpreted, Vv=VM code)
J 3073  sun.java2d.opengl.OGLRenderQueue.flushBuffer(JI)V (0 bytes) @ 0x000000010d149bf8 [0x000000010d149bc0+0x38]
J 3069 C1 sun.java2d.opengl.OGLRenderQueue.flushBuffer()V (41 bytes) @ 0x000000010d48ea7c [0x000000010d48e820+0x25c]
J 3068 C1 sun.java2d.opengl.OGLRenderQueue.access$100(Lsun/java2d/opengl/OGLRenderQueue;)V (5 bytes) @ 0x000000010d28b49c [0x000000010d28b440+0x5c]
j  sun.java2d.opengl.OGLRenderQueue$QueueFlusher.run()V+81
v  ~StubRoutines::call_stub

---------------  P R O C E S S  ---------------

Java Threads: ( => current thread )
  0x00007fdde3812000 JavaThread "DestroyJavaVM" [_thread_blocked, id=9987, stack(0x0000700001538000,0x0000700001638000)]
  0x00007fdde31c4000 JavaThread "TimerQueue" daemon [_thread_blocked, id=73775, stack(0x0000700002b00000,0x0000700002c00000)]
  0x00007fdde4944000 JavaThread "AWT-EventQueue-0" [_thread_blocked, id=55051, stack(0x00007000029fd000,0x0000700002afd000)]
  0x00007fdde380c000 JavaThread "Java2D Disposer" daemon [_thread_blocked, id=79427, stack(0x0000700002877000,0x0000700002977000)]
=>0x00007fdde31cb000 JavaThread "Java2D Queue Flusher" daemon [_thread_in_native, id=81679, stack(0x0000700002774000,0x0000700002874000)]
  0x00007fdde48ee000 JavaThread "AWT-Shutdown" [_thread_blocked, id=28715, stack(0x00007000024e8000,0x00007000025e8000)]
  0x00007fdde3960000 JavaThread "AppKit Thread" daemon [_thread_in_native, id=775, stack(0x00007ffee5371000,0x00007ffee5b71000)]
  0x00007fdde3821800 JavaThread "Service Thread" daemon [_thread_blocked, id=17155, stack(0x00007000022e2000,0x00007000023e2000)]
  0x00007fdde311e000 JavaThread "C1 CompilerThread2" daemon [_thread_blocked, id=14339, stack(0x00007000021df000,0x00007000022df000)]
  0x00007fdde486f000 JavaThread "C2 CompilerThread1" daemon [_thread_blocked, id=14083, stack(0x00007000020dc000,0x00007000021dc000)]
  0x00007fdde486e800 JavaThread "C2 CompilerThread0" daemon [_thread_blocked, id=17923, stack(0x0000700001fd9000,0x00007000020d9000)]
  0x00007fdde4109000 JavaThread "Monitor Ctrl-Break" daemon [_thread_in_native, id=18435, stack(0x0000700001ed6000,0x0000700001fd6000)]
  0x00007fdde380f000 JavaThread "Signal Dispatcher" daemon [_thread_blocked, id=13579, stack(0x0000700001dd3000,0x0000700001ed3000)]
  0x00007fdde304c000 JavaThread "Finalizer" daemon [_thread_blocked, id=20995, stack(0x0000700001c4d000,0x0000700001d4d000)]
  0x00007fdde4005800 JavaThread "Reference Handler" daemon [_thread_blocked, id=11779, stack(0x0000700001b4a000,0x0000700001c4a000)]

Other Threads:
  0x00007fdde304b800 VMThread [stack: 0x0000700001a47000,0x0000700001b47000] [id=21507]
  0x00007fdde4870000 WatcherThread [stack: 0x00007000023e5000,0x00007000024e5000] [id=16643]

VM state:not at safepoint (normal execution)

VM Mutex/Monitor currently owned by a thread: None

Heap:
 PSYoungGen      total 35840K, used 24689K [0x0000000795580000, 0x0000000798900000, 0x00000007c0000000)
  eden space 22016K, 68% used [0x0000000795580000,0x0000000796439ea0,0x0000000796b00000)
  from space 13824K, 69% used [0x0000000797980000,0x00000007982e2670,0x0000000798700000)
  to   space 14848K, 0% used [0x0000000796b00000,0x0000000796b00000,0x0000000797980000)
 ParOldGen       total 42496K, used 19787K [0x0000000740000000, 0x0000000742980000, 0x0000000795580000)
  object space 42496K, 46% used [0x0000000740000000,0x0000000741352d38,0x0000000742980000)
 Metaspace       used 24661K, capacity 24980K, committed 25216K, reserved 1071104K
  class space    used 2998K, capacity 3101K, committed 3200K, reserved 1048576K

Card table byte_map: [0x000000010bdc0000,0x000000010c1c1000] byte_map_base: 0x00000001083c0000

Marking Bits: (ParMarkBitMap*) 0x000000010a9bb5d0
 Begin Bits: [0x000000011bc20000, 0x000000011dc20000)
 End Bits:   [0x000000011dc20000, 0x000000011fc20000)

Polling page: 0x000000010b0b2000

CodeCache: size=245760Kb used=9420Kb max_used=9441Kb free=236339Kb
 bounds [0x000000010cc20000, 0x000000010d580000, 0x000000011bc20000]
 total_blobs=3722 nmethods=2998 adapters=636
 compilation: enabled

Compilation events (10 events):
Event: 4156.502 Thread 0x00007fdde486e800 3321       4       java.awt.Component::eventTypeEnabled (487 bytes)
Event: 4156.505 Thread 0x00007fdde486e800 nmethod 3321 0x000000010d2b3710 code [0x000000010d2b3860, 0x000000010d2b3bd8]
Event: 4156.576 Thread 0x00007fdde486f000 3322       4       java.awt.Component::dispatchEventImpl (883 bytes)
Event: 4156.652 Thread 0x00007fdde486f000 nmethod 3322 0x000000010d567d90 code [0x000000010d5684c0, 0x000000010d56c630]
Event: 4156.965 Thread 0x00007fdde311e000 3323       3       java.awt.geom.AffineTransform::equals (92 bytes)
Event: 4156.965 Thread 0x00007fdde311e000 nmethod 3323 0x000000010d2c4310 code [0x000000010d2c44a0, 0x000000010d2c4ab0]
Event: 4157.896 Thread 0x00007fdde486e800 3324       4       java.awt.Container::eventEnabled (49 bytes)
Event: 4157.897 Thread 0x00007fdde486e800 nmethod 3324 0x000000010d01c310 code [0x000000010d01c460, 0x000000010d01c548]
Event: 4158.779 Thread 0x00007fdde311e000 3325       3       javax.swing.plaf.ComponentUI::update (36 bytes)
Event: 4158.784 Thread 0x00007fdde311e000 nmethod 3325 0x000000010d2c0410 code [0x000000010d2c05e0, 0x000000010d2c0fb8]

GC Heap History (10 events):
Event: 133.324 GC heap before
{Heap before GC invocations=19 (full 1):
 PSYoungGen      total 27136K, used 20441K [0x0000000795580000, 0x0000000798800000, 0x00000007c0000000)
  eden space 25088K, 74% used [0x0000000795580000,0x00000007967ae328,0x0000000796e00000)
  from space 2048K, 89% used [0x0000000796e80000,0x0000000797048300,0x0000000797080000)
  to   space 13312K, 0% used [0x0000000797b00000,0x0000000797b00000,0x0000000798800000)
 ParOldGen       total 42496K, used 7317K [0x0000000740000000, 0x0000000742980000, 0x0000000795580000)
  object space 42496K, 17% used [0x0000000740000000,0x0000000740725418,0x0000000742980000)
 Metaspace       used 24554K, capacity 24842K, committed 24960K, reserved 1071104K
  class space    used 2995K, capacity 3100K, committed 3200K, reserved 1048576K
Event: 133.327 GC heap after
Heap after GC invocations=19 (full 1):
 PSYoungGen      total 36352K, used 3472K [0x0000000795580000, 0x0000000798680000, 0x00000007c0000000)
  eden space 24576K, 0% used [0x0000000795580000,0x0000000795580000,0x0000000796d80000)
  from space 11776K, 29% used [0x0000000797b00000,0x0000000797e640a8,0x0000000798680000)
  to   space 12800K, 0% used [0x0000000796d80000,0x0000000796d80000,0x0000000797a00000)
 ParOldGen       total 42496K, used 7933K [0x0000000740000000, 0x0000000742980000, 0x0000000795580000)
  object space 42496K, 18% used [0x0000000740000000,0x00000007407bf5c8,0x0000000742980000)
 Metaspace       used 24554K, capacity 24842K, committed 24960K, reserved 1071104K
  class space    used 2995K, capacity 3100K, committed 3200K, reserved 1048576K
}
Event: 134.218 GC heap before
{Heap before GC invocations=20 (full 1):
 PSYoungGen      total 36352K, used 19063K [0x0000000795580000, 0x0000000798680000, 0x00000007c0000000)
  eden space 24576K, 63% used [0x0000000795580000,0x00000007964b9c50,0x0000000796d80000)
  from space 11776K, 29% used [0x0000000797b00000,0x0000000797e640a8,0x0000000798680000)
  to   space 12800K, 0% used [0x0000000796d80000,0x0000000796d80000,0x0000000797a00000)
 ParOldGen       total 42496K, used 7933K [0x0000000740000000, 0x0000000742980000, 0x0000000795580000)
  object space 42496K, 18% used [0x0000000740000000,0x00000007407bf5c8,0x0000000742980000)
 Metaspace       used 24555K, capacity 24842K, committed 24960K, reserved 1071104K
  class space    used 2995K, capacity 3100K, committed 3200K, reserved 1048576K
Event: 134.237 GC heap after
Heap after GC invocations=20 (full 1):
 PSYoungGen      total 27648K, used 3445K [0x0000000795580000, 0x0000000798400000, 0x00000007c0000000)
  eden space 24064K, 0% used [0x0000000795580000,0x0000000795580000,0x0000000796d00000)
  from space 3584K, 96% used [0x0000000796d80000,0x00000007970dd698,0x0000000797100000)
  to   space 11776K, 0% used [0x0000000797880000,0x0000000797880000,0x0000000798400000)
 ParOldGen       total 42496K, used 7941K [0x0000000740000000, 0x0000000742980000, 0x0000000795580000)
  object space 42496K, 18% used [0x0000000740000000,0x00000007407c15c8,0x0000000742980000)
 Metaspace       used 24555K, capacity 24842K, committed 24960K, reserved 1071104K
  class space    used 2995K, capacity 3100K, committed 3200K, reserved 1048576K
}
Event: 2901.452 GC heap before
{Heap before GC invocations=21 (full 1):
 PSYoungGen      total 27648K, used 18645K [0x0000000795580000, 0x0000000798400000, 0x00000007c0000000)
  eden space 24064K, 63% used [0x0000000795580000,0x0000000796457e10,0x0000000796d00000)
  from space 3584K, 96% used [0x0000000796d80000,0x00000007970dd698,0x0000000797100000)
  to   space 11776K, 0% used [0x0000000797880000,0x0000000797880000,0x0000000798400000)
 ParOldGen       total 42496K, used 7941K [0x0000000740000000, 0x0000000742980000, 0x0000000795580000)
  object space 42496K, 18% used [0x0000000740000000,0x00000007407c15c8,0x0000000742980000)
 Metaspace       used 24566K, capacity 24842K, committed 24960K, reserved 1071104K
  class space    used 2997K, capacity 3100K, committed 3200K, reserved 1048576K
Event: 2901.562 GC heap after
Heap after GC invocations=21 (full 1):
 PSYoungGen      total 34816K, used 9270K [0x0000000795580000, 0x0000000798600000, 0x00000007c0000000)
  eden space 23040K, 0% used [0x0000000795580000,0x0000000795580000,0x0000000796c00000)
  from space 11776K, 78% used [0x0000000797880000,0x000000079818d988,0x0000000798400000)
  to   space 12800K, 0% used [0x0000000796c00000,0x0000000796c00000,0x0000000797880000)
 ParOldGen       total 42496K, used 7965K [0x0000000740000000, 0x0000000742980000, 0x0000000795580000)
  object space 42496K, 18% used [0x0000000740000000,0x00000007407c75c8,0x0000000742980000)
 Metaspace       used 24566K, capacity 24842K, committed 24960K, reserved 1071104K
  class space    used 2997K, capacity 3100K, committed 3200K, reserved 1048576K
}
Event: 2947.247 GC heap before
{Heap before GC invocations=22 (full 1):
 PSYoungGen      total 34816K, used 32310K [0x0000000795580000, 0x0000000798600000, 0x00000007c0000000)
  eden space 23040K, 100% used [0x0000000795580000,0x0000000796c00000,0x0000000796c00000)
  from space 11776K, 78% used [0x0000000797880000,0x000000079818d988,0x0000000798400000)
  to   space 12800K, 0% used [0x0000000796c00000,0x0000000796c00000,0x0000000797880000)
 ParOldGen       total 42496K, used 19675K [0x0000000740000000, 0x0000000742980000, 0x0000000795580000)
  object space 42496K, 46% used [0x0000000740000000,0x0000000741336d38,0x0000000742980000)
 Metaspace       used 24614K, capacity 24906K, committed 25216K, reserved 1071104K
  class space    used 2998K, capacity 3100K, committed 3200K, reserved 1048576K
Event: 2947.260 GC heap after
Heap after GC invocations=22 (full 1):
 PSYoungGen      total 35840K, used 9583K [0x0000000795580000, 0x0000000798700000, 0x00000007c0000000)
  eden space 23040K, 0% used [0x0000000795580000,0x0000000795580000,0x0000000796c00000)
  from space 12800K, 74% used [0x0000000796c00000,0x000000079755bfa8,0x0000000797880000)
  to   space 13824K, 0% used [0x0000000797980000,0x0000000797980000,0x0000000798700000)
 ParOldGen       total 42496K, used 19707K [0x0000000740000000, 0x0000000742980000, 0x0000000795580000)
  object space 42496K, 46% used [0x0000000740000000,0x000000074133ed38,0x0000000742980000)
 Metaspace       used 24614K, capacity 24906K, committed 25216K, reserved 1071104K
  class space    used 2998K, capacity 3100K, committed 3200K, reserved 1048576K
}
Event: 4158.779 GC heap before
{Heap before GC invocations=23 (full 1):
 PSYoungGen      total 35840K, used 30768K [0x0000000795580000, 0x0000000798700000, 0x00000007c0000000)
  eden space 23040K, 91% used [0x0000000795580000,0x0000000796a30410,0x0000000796c00000)
  from space 12800K, 74% used [0x0000000796c00000,0x000000079755bfa8,0x0000000797880000)
  to   space 13824K, 0% used [0x0000000797980000,0x0000000797980000,0x0000000798700000)
 ParOldGen       total 42496K, used 19707K [0x0000000740000000, 0x0000000742980000, 0x0000000795580000)
  object space 42496K, 46% used [0x0000000740000000,0x000000074133ed38,0x0000000742980000)
 Metaspace       used 24661K, capacity 24980K, committed 25216K, reserved 1071104K
  class space    used 2998K, capacity 3101K, committed 3200K, reserved 1048576K
Event: 4158.783 GC heap after
Heap after GC invocations=23 (full 1):
 PSYoungGen      total 35840K, used 9609K [0x0000000795580000, 0x0000000798900000, 0x00000007c0000000)
  eden space 22016K, 0% used [0x0000000795580000,0x0000000795580000,0x0000000796b00000)
  from space 13824K, 69% used [0x0000000797980000,0x00000007982e2670,0x0000000798700000)
  to   space 14848K, 0% used [0x0000000796b00000,0x0000000796b00000,0x0000000797980000)
 ParOldGen       total 42496K, used 19787K [0x0000000740000000, 0x0000000742980000, 0x0000000795580000)
  object space 42496K, 46% used [0x0000000740000000,0x0000000741352d38,0x0000000742980000)
 Metaspace       used 24661K, capacity 24980K, committed 25216K, reserved 1071104K
  class space    used 2998K, capacity 3101K, committed 3200K, reserved 1048576K
}

Deoptimization events (10 events):
Event: 2926.132 Thread 0x00007fdde3960000 Uncommon trap: reason=unstable_if action=reinterpret pc=0x000000010d510be4 method=sun.java2d.pipe.Region.clipScale(ID)I @ 3
Event: 2926.132 Thread 0x00007fdde3960000 Uncommon trap: reason=null_check action=make_not_entrant pc=0x000000010cd32640 method=java.awt.geom.AffineTransform.equals(Ljava/lang/Object;)Z @ 1
Event: 2926.166 Thread 0x00007fdde4944000 Uncommon trap: reason=null_check action=make_not_entrant pc=0x000000010d492ba0 method=sun.font.FontDesignMetrics.getMetrics(Ljava/awt/Font;Ljava/awt/font/FontRenderContext;)Lsun/font/FontDesignMetrics; @ 85
Event: 2926.167 Thread 0x00007fdde4944000 Uncommon trap: reason=unstable_if action=reinterpret pc=0x000000010d4de8b0 method=sun.font.FontDesignMetrics.getHeight()I @ 4
Event: 2926.172 Thread 0x00007fdde4944000 Uncommon trap: reason=unstable_if action=reinterpret pc=0x000000010ce71c84 method=java.awt.font.FontRenderContext.equals(Ljava/awt/font/FontRenderContext;)Z @ 53
Event: 2926.173 Thread 0x00007fdde4944000 Uncommon trap: reason=unstable_if action=reinterpret pc=0x000000010d436570 method=java.awt.font.FontRenderContext.equals(Ljava/awt/font/FontRenderContext;)Z @ 53
Event: 2945.626 Thread 0x00007fdde4944000 Uncommon trap: reason=unstable_if action=reinterpret pc=0x000000010d4acb58 method=javax.swing.text.Utilities.getTabbedTextWidth(Ljavax/swing/text/View;Ljavax/swing/text/Segment;Ljava/awt/FontMetrics;ILjavax/swing/text/TabExpander;I[I)I @ 289
Event: 2952.140 Thread 0x00007fdde4944000 Uncommon trap: reason=unstable_if action=reinterpret pc=0x000000010d4c89e4 method=javax.swing.RepaintManager.addDirtyRegion0(Ljava/awt/Container;IIII)V @ 108
Event: 2952.141 Thread 0x00007fdde4944000 Uncommon trap: reason=unstable_if action=reinterpret pc=0x000000010d4b24bc method=javax.swing.RepaintManager.addDirtyRegion0(Ljava/awt/Container;IIII)V @ 108
Event: 4153.932 Thread 0x00007fdde4944000 Uncommon trap: reason=unstable_if action=reinterpret pc=0x000000010d034cb4 method=java.awt.geom.AffineTransform.equals(Ljava/lang/Object;)Z @ 23

Internal exceptions (10 events):
Event: 109.180 Thread 0x00007fdde4944000 Exception <a 'java/lang/ArrayIndexOutOfBoundsException'> (0x0000000795c6cc68) thrown at [/Users/java_re/workspace/8-2-build-macosx-x86_64/jdk8u144/9417/hotspot/src/share/vm/runtime/sharedRuntime.cpp, line 605]
Event: 109.180 Thread 0x00007fdde4944000 Exception <a 'java/lang/ArrayIndexOutOfBoundsException'> (0x0000000795c6f1c0) thrown at [/Users/java_re/workspace/8-2-build-macosx-x86_64/jdk8u144/9417/hotspot/src/share/vm/runtime/sharedRuntime.cpp, line 605]
Event: 109.459 Thread 0x00007fdde4944000 Exception <a 'java/lang/UnsatisfiedLinkError': dlopen(c, 9): image not found> (0x0000000796691d60) thrown at [/Users/java_re/workspace/8-2-build-macosx-x86_64/jdk8u144/9417/hotspot/src/share/vm/prims/jni.cpp, line 735]
Event: 109.706 Thread 0x00007fdde4944000 Exception <a 'java/lang/NoClassDefFoundError': org/apache/log4j/Priority> (0x00000007958ddf90) thrown at [/Users/java_re/workspace/8-2-build-macosx-x86_64/jdk8u144/9417/hotspot/src/share/vm/classfile/systemDictionary.cpp, line 199]
Event: 109.730 Thread 0x00007fdde4944000 Exception <a 'java/lang/NoClassDefFoundError': javassist/ClassPath> (0x00000007959bb280) thrown at [/Users/java_re/workspace/8-2-build-macosx-x86_64/jdk8u144/9417/hotspot/src/share/vm/classfile/systemDictionary.cpp, line 199]
Event: 112.752 Thread 0x00007fdde473f000 Exception <a 'java/lang/InterruptedException': sleep interrupted> (0x0000000796b87b58) thrown at [/Users/java_re/workspace/8-2-build-macosx-x86_64/jdk8u144/9417/hotspot/src/share/vm/prims/jvm.cpp, line 3228]
Event: 118.108 Thread 0x00007fdde3433800 Exception <a 'java/lang/InterruptedException': sleep interrupted> (0x0000000795eeac10) thrown at [/Users/java_re/workspace/8-2-build-macosx-x86_64/jdk8u144/9417/hotspot/src/share/vm/prims/jvm.cpp, line 3228]
Event: 133.388 Thread 0x00007fdde4944000 Implicit null exception at 0x000000010d4fdb78 to 0x000000010d4fe941
Event: 133.388 Thread 0x00007fdde4944000 Implicit null exception at 0x000000010d4ed2b0 to 0x000000010d4efa49
Event: 2926.132 Thread 0x00007fdde3960000 Implicit null exception at 0x000000010cd3248c to 0x000000010cd32631

Events (10 events):
Event: 4153.943 Thread 0x00007fdde311e000 flushing nmethod 0x000000010d2c5610
Event: 4153.943 Thread 0x00007fdde311e000 flushing nmethod 0x000000010d2c5cd0
Event: 4153.943 Thread 0x00007fdde311e000 flushing nmethod 0x000000010d2ca710
Event: 4153.943 Thread 0x00007fdde311e000 flushing nmethod 0x000000010d2ef990
Event: 4153.943 Thread 0x00007fdde311e000 flushing nmethod 0x000000010d2f3b50
Event: 4153.949 Thread 0x00007fdde311e000 flushing nmethod 0x000000010d31fed0
Event: 4153.949 Thread 0x00007fdde311e000 flushing nmethod 0x000000010d35bb10
Event: 4153.949 Thread 0x00007fdde311e000 flushing nmethod 0x000000010d3612d0
Event: 4158.779 Executing VM operation: ParallelGCFailedAllocation
Event: 4158.783 Executing VM operation: ParallelGCFailedAllocation done


Dynamic libraries:
0x0000000019880000 	/System/Library/Frameworks/Cocoa.framework/Versions/A/Cocoa
0x0000000019880000 	/System/Library/Frameworks/Security.framework/Versions/A/Security
0x0000000019880000 	/System/Library/Frameworks/ApplicationServices.framework/Versions/A/ApplicationServices
0x0000000019880000 	/usr/lib/libz.1.dylib
0x0000000019880000 	/usr/lib/libSystem.B.dylib
0x0000000019880000 	/usr/lib/libobjc.A.dylib
0x0000000019880000 	/System/Library/Frameworks/CoreFoundation.framework/Versions/A/CoreFoundation
0x0000000019880000 	/System/Library/Frameworks/Foundation.framework/Versions/C/Foundation
0x0000000019880000 	/System/Library/Frameworks/AppKit.framework/Versions/C/AppKit
0x0000000019880000 	/System/Library/Frameworks/CoreData.framework/Versions/A/CoreData
0x0000000019880000 	/System/Library/PrivateFrameworks/RemoteViewServices.framework/Versions/A/RemoteViewServices
0x0000000019880000 	/System/Library/PrivateFrameworks/UIFoundation.framework/Versions/A/UIFoundation
0x0000000019880000 	/System/Library/PrivateFrameworks/DFRFoundation.framework/Versions/A/DFRFoundation
0x0000000019880000 	/System/Library/Frameworks/Metal.framework/Versions/A/Metal
0x0000000019880000 	/System/Library/PrivateFrameworks/DesktopServicesPriv.framework/Versions/A/DesktopServicesPriv
0x0000000019880000 	/usr/lib/libenergytrace.dylib
0x0000000019880000 	/System/Library/PrivateFrameworks/SkyLight.framework/Versions/A/SkyLight
0x0000000019880000 	/System/Library/Frameworks/CoreGraphics.framework/Versions/A/CoreGraphics
0x0000000019880000 	/usr/lib/libScreenReader.dylib
0x0000000019880000 	/System/Library/Frameworks/Accelerate.framework/Versions/A/Accelerate
0x0000000019880000 	/System/Library/Frameworks/IOSurface.framework/Versions/A/IOSurface
0x0000000019880000 	/System/Library/Frameworks/AudioToolbox.framework/Versions/A/AudioToolbox
0x0000000019880000 	/System/Library/Frameworks/AudioUnit.framework/Versions/A/AudioUnit
0x0000000019880000 	/System/Library/PrivateFrameworks/DataDetectorsCore.framework/Versions/A/DataDetectorsCore
0x0000000019880000 	/System/Library/Frameworks/Carbon.framework/Versions/A/Frameworks/HIToolbox.framework/Versions/A/HIToolbox
0x0000000019880000 	/usr/lib/libicucore.A.dylib
0x0000000019880000 	/System/Library/Frameworks/QuartzCore.framework/Versions/A/QuartzCore
0x0000000019880000 	/System/Library/PrivateFrameworks/SignpostNotification.framework/Versions/A/SignpostNotification
0x0000000019880000 	/System/Library/Frameworks/Carbon.framework/Versions/A/Frameworks/SpeechRecognition.framework/Versions/A/SpeechRecognition
0x0000000019880000 	/usr/lib/libauto.dylib
0x0000000019880000 	/usr/lib/libxml2.2.dylib
0x0000000019880000 	/System/Library/PrivateFrameworks/CoreUI.framework/Versions/A/CoreUI
0x0000000019880000 	/System/Library/Frameworks/CoreAudio.framework/Versions/A/CoreAudio
0x0000000019880000 	/System/Library/Frameworks/DiskArbitration.framework/Versions/A/DiskArbitration
0x0000000019880000 	/usr/lib/liblangid.dylib
0x0000000019880000 	/System/Library/PrivateFrameworks/MultitouchSupport.framework/Versions/A/MultitouchSupport
0x0000000019880000 	/System/Library/Frameworks/IOKit.framework/Versions/A/IOKit
0x0000000019880000 	/usr/lib/libDiagnosticMessagesClient.dylib
0x0000000019880000 	/System/Library/Frameworks/CoreServices.framework/Versions/A/CoreServices
0x0000000019880000 	/System/Library/PrivateFrameworks/PerformanceAnalysis.framework/Versions/A/PerformanceAnalysis
0x0000000019880000 	/System/Library/Frameworks/OpenGL.framework/Versions/A/OpenGL
0x0000000019880000 	/System/Library/Frameworks/ColorSync.framework/Versions/A/ColorSync
0x0000000019880000 	/System/Library/Frameworks/CoreImage.framework/Versions/A/CoreImage
0x0000000019880000 	/System/Library/Frameworks/CoreText.framework/Versions/A/CoreText
0x0000000019880000 	/System/Library/Frameworks/ImageIO.framework/Versions/A/ImageIO
0x0000000019880000 	/System/Library/PrivateFrameworks/Backup.framework/Versions/A/Backup
0x0000000019880000 	/usr/lib/libarchive.2.dylib
0x0000000019880000 	/System/Library/Frameworks/CFNetwork.framework/Versions/A/CFNetwork
0x0000000019880000 	/System/Library/Frameworks/SystemConfiguration.framework/Versions/A/SystemConfiguration
0x0000000019880000 	/usr/lib/libCRFSuite.dylib
0x0000000019880000 	/usr/lib/libc++.1.dylib
0x0000000019880000 	/usr/lib/libc++abi.dylib
0x0000000019880000 	/usr/lib/system/libcache.dylib
0x0000000019880000 	/usr/lib/system/libcommonCrypto.dylib
0x0000000019880000 	/usr/lib/system/libcompiler_rt.dylib
0x0000000019880000 	/usr/lib/system/libcopyfile.dylib
0x0000000019880000 	/usr/lib/system/libcorecrypto.dylib
0x0000000019880000 	/usr/lib/system/libdispatch.dylib
0x0000000019880000 	/usr/lib/system/libdyld.dylib
0x0000000019880000 	/usr/lib/system/libkeymgr.dylib
0x0000000019880000 	/usr/lib/system/liblaunch.dylib
0x0000000019880000 	/usr/lib/system/libmacho.dylib
0x0000000019880000 	/usr/lib/system/libquarantine.dylib
0x0000000019880000 	/usr/lib/system/libremovefile.dylib
0x0000000019880000 	/usr/lib/system/libsystem_asl.dylib
0x0000000019880000 	/usr/lib/system/libsystem_blocks.dylib
0x0000000019880000 	/usr/lib/system/libsystem_c.dylib
0x0000000019880000 	/usr/lib/system/libsystem_configuration.dylib
0x0000000019880000 	/usr/lib/system/libsystem_coreservices.dylib
0x0000000019880000 	/usr/lib/system/libsystem_darwin.dylib
0x0000000019880000 	/usr/lib/system/libsystem_dnssd.dylib
0x0000000019880000 	/usr/lib/system/libsystem_info.dylib
0x0000000019880000 	/usr/lib/system/libsystem_m.dylib
0x0000000019880000 	/usr/lib/system/libsystem_malloc.dylib
0x0000000019880000 	/usr/lib/system/libsystem_network.dylib
0x0000000019880000 	/usr/lib/system/libsystem_networkextension.dylib
0x0000000019880000 	/usr/lib/system/libsystem_notify.dylib
0x0000000019880000 	/usr/lib/system/libsystem_sandbox.dylib
0x0000000019880000 	/usr/lib/system/libsystem_secinit.dylib
0x0000000019880000 	/usr/lib/system/libsystem_kernel.dylib
0x0000000019880000 	/usr/lib/system/libsystem_platform.dylib
0x0000000019880000 	/usr/lib/system/libsystem_pthread.dylib
0x0000000019880000 	/usr/lib/system/libsystem_symptoms.dylib
0x0000000019880000 	/usr/lib/system/libsystem_trace.dylib
0x0000000019880000 	/usr/lib/system/libunwind.dylib
0x0000000019880000 	/usr/lib/system/libxpc.dylib
0x0000000019880000 	/usr/lib/closure/libclosured.dylib
0x0000000019880000 	/usr/lib/libbsm.0.dylib
0x0000000019880000 	/usr/lib/system/libkxld.dylib
0x0000000019880000 	/usr/lib/libOpenScriptingUtil.dylib
0x0000000019880000 	/usr/lib/libcoretls.dylib
0x0000000019880000 	/usr/lib/libcoretls_cfhelpers.dylib
0x0000000019880000 	/usr/lib/libpam.2.dylib
0x0000000019880000 	/usr/lib/libsqlite3.dylib
0x0000000019880000 	/usr/lib/libxar.1.dylib
0x0000000019880000 	/usr/lib/libbz2.1.0.dylib
0x0000000019880000 	/usr/lib/liblzma.5.dylib
0x0000000019880000 	/usr/lib/libnetwork.dylib
0x0000000019880000 	/usr/lib/libapple_nghttp2.dylib
0x0000000019880000 	/usr/lib/libpcap.A.dylib
0x0000000019880000 	/usr/lib/libboringssl.dylib
0x0000000019880000 	/usr/lib/libusrtcp.dylib
0x0000000019880000 	/usr/lib/libapple_crypto.dylib
0x0000000019880000 	/System/Library/Frameworks/CoreServices.framework/Versions/A/Frameworks/FSEvents.framework/Versions/A/FSEvents
0x0000000019880000 	/System/Library/Frameworks/CoreServices.framework/Versions/A/Frameworks/CarbonCore.framework/Versions/A/CarbonCore
0x0000000019880000 	/System/Library/Frameworks/CoreServices.framework/Versions/A/Frameworks/Metadata.framework/Versions/A/Metadata
0x0000000019880000 	/System/Library/Frameworks/CoreServices.framework/Versions/A/Frameworks/OSServices.framework/Versions/A/OSServices
0x0000000019880000 	/System/Library/Frameworks/CoreServices.framework/Versions/A/Frameworks/SearchKit.framework/Versions/A/SearchKit
0x0000000019880000 	/System/Library/Frameworks/CoreServices.framework/Versions/A/Frameworks/AE.framework/Versions/A/AE
0x0000000019880000 	/System/Library/Frameworks/CoreServices.framework/Versions/A/Frameworks/LaunchServices.framework/Versions/A/LaunchServices
0x0000000019880000 	/System/Library/Frameworks/CoreServices.framework/Versions/A/Frameworks/DictionaryServices.framework/Versions/A/DictionaryServices
0x0000000019880000 	/System/Library/Frameworks/CoreServices.framework/Versions/A/Frameworks/SharedFileList.framework/Versions/A/SharedFileList
0x0000000019880000 	/System/Library/Frameworks/NetFS.framework/Versions/A/NetFS
0x0000000019880000 	/System/Library/PrivateFrameworks/NetAuth.framework/Versions/A/NetAuth
0x0000000019880000 	/System/Library/PrivateFrameworks/login.framework/Versions/A/Frameworks/loginsupport.framework/Versions/A/loginsupport
0x0000000019880000 	/System/Library/PrivateFrameworks/TCC.framework/Versions/A/TCC
0x0000000019880000 	/usr/lib/libmecabra.dylib
0x0000000019880000 	/System/Library/Frameworks/ApplicationServices.framework/Versions/A/Frameworks/ATS.framework/Versions/A/ATS
0x0000000019880000 	/System/Library/Frameworks/ApplicationServices.framework/Versions/A/Frameworks/ColorSyncLegacy.framework/Versions/A/ColorSyncLegacy
0x0000000019880000 	/System/Library/Frameworks/ApplicationServices.framework/Versions/A/Frameworks/HIServices.framework/Versions/A/HIServices
0x0000000019880000 	/System/Library/Frameworks/ApplicationServices.framework/Versions/A/Frameworks/LangAnalysis.framework/Versions/A/LangAnalysis
0x0000000019880000 	/System/Library/Frameworks/ApplicationServices.framework/Versions/A/Frameworks/PrintCore.framework/Versions/A/PrintCore
0x0000000019880000 	/System/Library/Frameworks/ApplicationServices.framework/Versions/A/Frameworks/QD.framework/Versions/A/QD
0x0000000019880000 	/System/Library/Frameworks/ApplicationServices.framework/Versions/A/Frameworks/SpeechSynthesis.framework/Versions/A/SpeechSynthesis
0x0000000019880000 	/System/Library/Frameworks/CoreDisplay.framework/Versions/A/CoreDisplay
0x0000000019880000 	/System/Library/Frameworks/Accelerate.framework/Versions/A/Frameworks/vImage.framework/Versions/A/vImage
0x0000000019880000 	/System/Library/Frameworks/Accelerate.framework/Versions/A/Frameworks/vecLib.framework/Versions/A/vecLib
0x0000000019880000 	/System/Library/Frameworks/Accelerate.framework/Versions/A/Frameworks/vecLib.framework/Versions/A/libvDSP.dylib
0x0000000019880000 	/System/Library/Frameworks/Accelerate.framework/Versions/A/Frameworks/vecLib.framework/Versions/A/libBNNS.dylib
0x0000000019880000 	/System/Library/Frameworks/Accelerate.framework/Versions/A/Frameworks/vecLib.framework/Versions/A/libQuadrature.dylib
0x0000000019880000 	/System/Library/Frameworks/Accelerate.framework/Versions/A/Frameworks/vecLib.framework/Versions/A/libvMisc.dylib
0x0000000019880000 	/System/Library/Frameworks/Accelerate.framework/Versions/A/Frameworks/vecLib.framework/Versions/A/libLAPACK.dylib
0x0000000019880000 	/System/Library/Frameworks/Accelerate.framework/Versions/A/Frameworks/vecLib.framework/Versions/A/libBLAS.dylib
0x0000000019880000 	/System/Library/Frameworks/Accelerate.framework/Versions/A/Frameworks/vecLib.framework/Versions/A/libLinearAlgebra.dylib
0x0000000019880000 	/System/Library/Frameworks/Accelerate.framework/Versions/A/Frameworks/vecLib.framework/Versions/A/libSparse.dylib
0x0000000019880000 	/System/Library/Frameworks/Accelerate.framework/Versions/A/Frameworks/vecLib.framework/Versions/A/libSparseBLAS.dylib
0x0000000019880000 	/System/Library/PrivateFrameworks/GPUWrangler.framework/Versions/A/GPUWrangler
0x0000000019880000 	/System/Library/PrivateFrameworks/IOAccelerator.framework/Versions/A/IOAccelerator
0x0000000019880000 	/System/Library/PrivateFrameworks/IOPresentment.framework/Versions/A/IOPresentment
0x0000000019880000 	/System/Library/PrivateFrameworks/DSExternalDisplay.framework/Versions/A/DSExternalDisplay
0x0000000019880000 	/System/Library/Frameworks/OpenGL.framework/Versions/A/Libraries/libCoreFSCache.dylib
0x0000000019880000 	/System/Library/Frameworks/CoreVideo.framework/Versions/A/CoreVideo
0x0000000019880000 	/System/Library/PrivateFrameworks/GraphVisualizer.framework/Versions/A/GraphVisualizer
0x0000000019880000 	/System/Library/Frameworks/MetalPerformanceShaders.framework/Versions/A/MetalPerformanceShaders
0x0000000019880000 	/usr/lib/libFosl_dynamic.dylib
0x0000000019880000 	/System/Library/PrivateFrameworks/FaceCore.framework/Versions/A/FaceCore
0x0000000019880000 	/System/Library/Frameworks/OpenCL.framework/Versions/A/OpenCL
0x0000000019880000 	/usr/lib/libcompression.dylib
0x0000000019880000 	/System/Library/Frameworks/ApplicationServices.framework/Versions/A/Frameworks/ATS.framework/Versions/A/Resources/libFontParser.dylib
0x0000000019880000 	/System/Library/Frameworks/ApplicationServices.framework/Versions/A/Frameworks/ATS.framework/Versions/A/Resources/libFontRegistry.dylib
0x0000000019880000 	/System/Library/Frameworks/ImageIO.framework/Versions/A/Resources/libJPEG.dylib
0x0000000019880000 	/System/Library/Frameworks/ImageIO.framework/Versions/A/Resources/libTIFF.dylib
0x0000000019880000 	/System/Library/Frameworks/ImageIO.framework/Versions/A/Resources/libPng.dylib
0x0000000019880000 	/System/Library/Frameworks/ImageIO.framework/Versions/A/Resources/libGIF.dylib
0x0000000019880000 	/System/Library/Frameworks/ImageIO.framework/Versions/A/Resources/libJP2.dylib
0x0000000019880000 	/System/Library/Frameworks/ImageIO.framework/Versions/A/Resources/libRadiance.dylib
0x0000000019880000 	/System/Library/PrivateFrameworks/AppleJPEG.framework/Versions/A/AppleJPEG
0x0000000019880000 	/System/Library/Frameworks/MetalPerformanceShaders.framework/Frameworks/MPSCore.framework/Versions/A/MPSCore
0x0000000019880000 	/System/Library/Frameworks/MetalPerformanceShaders.framework/Frameworks/MPSImage.framework/Versions/A/MPSImage
0x0000000019880000 	/System/Library/Frameworks/MetalPerformanceShaders.framework/Frameworks/MPSNeuralNetwork.framework/Versions/A/MPSNeuralNetwork
0x0000000019880000 	/System/Library/Frameworks/MetalPerformanceShaders.framework/Frameworks/MPSMatrix.framework/Versions/A/MPSMatrix
0x0000000019880000 	/System/Library/PrivateFrameworks/MetalTools.framework/Versions/A/MetalTools
0x0000000019880000 	/System/Library/Frameworks/OpenGL.framework/Versions/A/Libraries/libGLU.dylib
0x0000000019880000 	/System/Library/Frameworks/OpenGL.framework/Versions/A/Libraries/libGFXShared.dylib
0x0000000019880000 	/System/Library/Frameworks/OpenGL.framework/Versions/A/Libraries/libGL.dylib
0x0000000019880000 	/System/Library/Frameworks/OpenGL.framework/Versions/A/Libraries/libGLImage.dylib
0x0000000019880000 	/System/Library/Frameworks/OpenGL.framework/Versions/A/Libraries/libCVMSPluginSupport.dylib
0x0000000019880000 	/System/Library/Frameworks/OpenGL.framework/Versions/A/Libraries/libCoreVMClient.dylib
0x0000000019880000 	/usr/lib/libcups.2.dylib
0x0000000019880000 	/System/Library/Frameworks/Kerberos.framework/Versions/A/Kerberos
0x0000000019880000 	/System/Library/Frameworks/GSS.framework/Versions/A/GSS
0x0000000019880000 	/usr/lib/libresolv.9.dylib
0x0000000019880000 	/usr/lib/libiconv.2.dylib
0x0000000019880000 	/System/Library/PrivateFrameworks/Heimdal.framework/Versions/A/Heimdal
0x0000000019880000 	/usr/lib/libheimdal-asn1.dylib
0x0000000019880000 	/System/Library/Frameworks/OpenDirectory.framework/Versions/A/OpenDirectory
0x0000000019880000 	/System/Library/PrivateFrameworks/CommonAuth.framework/Versions/A/CommonAuth
0x0000000019880000 	/System/Library/Frameworks/OpenDirectory.framework/Versions/A/Frameworks/CFOpenDirectory.framework/Versions/A/CFOpenDirectory
0x0000000019880000 	/System/Library/Frameworks/SecurityFoundation.framework/Versions/A/SecurityFoundation
0x0000000019880000 	/System/Library/PrivateFrameworks/APFS.framework/Versions/A/APFS
0x0000000019880000 	/usr/lib/libutil.dylib
0x0000000019880000 	/System/Library/PrivateFrameworks/AppleSauce.framework/Versions/A/AppleSauce
0x0000000019880000 	/System/Library/PrivateFrameworks/LinguisticData.framework/Versions/A/LinguisticData
0x0000000019880000 	/usr/lib/libmarisa.dylib
0x0000000019880000 	/System/Library/PrivateFrameworks/Lexicon.framework/Versions/A/Lexicon
0x0000000019880000 	/usr/lib/libChineseTokenizer.dylib
0x0000000019880000 	/usr/lib/libcmph.dylib
0x0000000019880000 	/System/Library/PrivateFrameworks/LanguageModeling.framework/Versions/A/LanguageModeling
0x0000000019880000 	/System/Library/PrivateFrameworks/CoreEmoji.framework/Versions/A/CoreEmoji
0x0000000019880000 	/System/Library/Frameworks/ServiceManagement.framework/Versions/A/ServiceManagement
0x0000000019880000 	/System/Library/PrivateFrameworks/BackgroundTaskManagement.framework/Versions/A/BackgroundTaskManagement
0x0000000019880000 	/usr/lib/libxslt.1.dylib
0x0000000019880000 	/System/Library/Frameworks/Carbon.framework/Versions/A/Frameworks/Ink.framework/Versions/A/Ink
0x0000000019880000 	/System/Library/PrivateFrameworks/TextureIO.framework/Versions/A/TextureIO
0x0000000019880000 	/usr/lib/libate.dylib
0x0000000019880000 	/System/Library/PrivateFrameworks/CrashReporterSupport.framework/Versions/A/CrashReporterSupport
0x0000000019880000 	/System/Library/PrivateFrameworks/Sharing.framework/Versions/A/Sharing
0x0000000019880000 	/System/Library/PrivateFrameworks/IconServices.framework/Versions/A/IconServices
0x0000000019880000 	/System/Library/PrivateFrameworks/Apple80211.framework/Versions/A/Apple80211
0x0000000019880000 	/System/Library/PrivateFrameworks/CoreUtils.framework/Versions/A/CoreUtils
0x0000000019880000 	/System/Library/Frameworks/CoreWLAN.framework/Versions/A/CoreWLAN
0x0000000019880000 	/System/Library/Frameworks/IOBluetooth.framework/Versions/A/IOBluetooth
0x0000000019880000 	/System/Library/PrivateFrameworks/ProtocolBuffer.framework/Versions/A/ProtocolBuffer
0x0000000019880000 	/System/Library/PrivateFrameworks/CoreWiFi.framework/Versions/A/CoreWiFi
0x0000000019880000 	/System/Library/Frameworks/CoreBluetooth.framework/Versions/A/CoreBluetooth
0x0000000019880000 	/System/Library/PrivateFrameworks/DebugSymbols.framework/Versions/A/DebugSymbols
0x0000000019880000 	/System/Library/PrivateFrameworks/CoreSymbolication.framework/Versions/A/CoreSymbolication
0x0000000019880000 	/System/Library/PrivateFrameworks/Symbolication.framework/Versions/A/Symbolication
0x0000000019880000 	/System/Library/PrivateFrameworks/AppleFSCompression.framework/Versions/A/AppleFSCompression
0x0000000019880000 	/System/Library/PrivateFrameworks/SpeechRecognitionCore.framework/Versions/A/SpeechRecognitionCore
0x000000010a0c8000 	/Library/Java/JavaVirtualMachines/jdk1.8.0_144.jdk/Contents/Home/jre/lib/server/libjvm.dylib
0x0000000019880000 	/usr/lib/libstdc++.6.0.9.dylib
0x000000010b06f000 	/Library/Java/JavaVirtualMachines/jdk1.8.0_144.jdk/Contents/Home/jre/lib/libverify.dylib
0x000000010b07d000 	/Library/Java/JavaVirtualMachines/jdk1.8.0_144.jdk/Contents/Home/jre/lib/libjava.dylib
0x000000010b0b3000 	/Library/Java/JavaVirtualMachines/jdk1.8.0_144.jdk/Contents/Home/jre/lib/libinstrument.dylib
0x000000010b151000 	/Library/Java/JavaVirtualMachines/jdk1.8.0_144.jdk/Contents/Home/jre/lib/libzip.dylib
0x0000000019880000 	/System/Library/Frameworks/JavaVM.framework/Versions/A/Frameworks/JavaRuntimeSupport.framework/Versions/A/JavaRuntimeSupport
0x0000000019880000 	/System/Library/Frameworks/JavaVM.framework/Versions/A/Frameworks/JavaNativeFoundation.framework/Versions/A/JavaNativeFoundation
0x0000000019880000 	/System/Library/Frameworks/JavaVM.framework/Versions/A/JavaVM
0x0000000019880000 	/System/Library/Frameworks/Carbon.framework/Versions/A/Carbon
0x0000000019880000 	/System/Library/PrivateFrameworks/JavaLaunching.framework/Versions/A/JavaLaunching
0x0000000019880000 	/System/Library/Frameworks/Carbon.framework/Versions/A/Frameworks/CommonPanels.framework/Versions/A/CommonPanels
0x0000000019880000 	/System/Library/Frameworks/Carbon.framework/Versions/A/Frameworks/Help.framework/Versions/A/Help
0x0000000019880000 	/System/Library/Frameworks/Carbon.framework/Versions/A/Frameworks/ImageCapture.framework/Versions/A/ImageCapture
0x0000000019880000 	/System/Library/Frameworks/Carbon.framework/Versions/A/Frameworks/OpenScripting.framework/Versions/A/OpenScripting
0x0000000019880000 	/System/Library/Frameworks/Carbon.framework/Versions/A/Frameworks/Print.framework/Versions/A/Print
0x0000000019880000 	/System/Library/Frameworks/Carbon.framework/Versions/A/Frameworks/SecurityHI.framework/Versions/A/SecurityHI
0x0000000122ede000 	/Library/Java/JavaVirtualMachines/jdk1.8.0_144.jdk/Contents/Home/jre/lib/libnet.dylib
0x0000000122f3d000 	/Library/Java/JavaVirtualMachines/jdk1.8.0_144.jdk/Contents/Home/jre/lib/libawt.dylib
0x0000000122fe5000 	/Library/Java/JavaVirtualMachines/jdk1.8.0_144.jdk/Contents/Home/jre/lib/./libmlib_image.dylib
0x00000001230b1000 	/Library/Java/JavaVirtualMachines/jdk1.8.0_144.jdk/Contents/Home/jre/lib/libawt_lwawt.dylib
0x0000000123168000 	/Library/Java/JavaVirtualMachines/jdk1.8.0_144.jdk/Contents/Home/jre/lib/./libosxapp.dylib
0x0000000019880000 	/System/Library/Frameworks/ExceptionHandling.framework/Versions/A/ExceptionHandling
0x0000000019880000 	/System/Library/PrivateFrameworks/CoreServicesInternal.framework/Versions/A/CoreServicesInternal
0x0000000019880000 	/System/Library/CoreServices/RawCamera.bundle/Contents/MacOS/RawCamera
0x0000000019880000 	/System/Library/PrivateFrameworks/MobileAsset.framework/Versions/A/MobileAsset
0x0000000019880000 	/System/Library/PrivateFrameworks/StreamingZip.framework/Versions/A/StreamingZip
0x0000000019880000 	/System/Library/Frameworks/MediaToolbox.framework/Versions/A/MediaToolbox
0x0000000019880000 	/System/Library/PrivateFrameworks/CoreAVCHD.framework/Versions/A/CoreAVCHD
0x0000000019880000 	/System/Library/Frameworks/MediaAccessibility.framework/Versions/A/MediaAccessibility
0x0000000019880000 	/System/Library/PrivateFrameworks/Mangrove.framework/Versions/A/Mangrove
0x0000000019880000 	/System/Library/Frameworks/CoreMedia.framework/Versions/A/CoreMedia
0x0000000019880000 	/System/Library/Frameworks/VideoToolbox.framework/Versions/A/VideoToolbox
0x0000000019880000 	/System/Library/PrivateFrameworks/CoreAUC.framework/Versions/A/CoreAUC
0x0000000019880000 	/usr/lib/libspindump.dylib
0x0000000019880000 	/System/Library/PrivateFrameworks/AppleVA.framework/Versions/A/AppleVA
0x0000000019880000 	/System/Library/Frameworks/Accelerate.framework/Versions/A/Frameworks/vImage.framework/Versions/A/Libraries/libCGInterfaces.dylib
0x0000000019880000 	/System/Library/Frameworks/ApplicationServices.framework/Versions/A/Frameworks/ATS.framework/Versions/A/Resources/libTrueTypeScaler.dylib
0x0000000019880000 	/System/Library/Extensions/AppleIntelSKLGraphicsMTLDriver.bundle/Contents/MacOS/AppleIntelSKLGraphicsMTLDriver
0x0000000019880000 	/System/Library/PrivateFrameworks/GPUCompiler.framework/Versions/3802/Libraries/libmetal_timestamp.dylib
0x0000000019880000 	/System/Library/PrivateFrameworks/FamilyControls.framework/Versions/A/FamilyControls
0x0000000019880000 	/System/Library/PrivateFrameworks/CommerceKit.framework/Versions/A/Frameworks/CommerceCore.framework/Versions/A/CommerceCore
0x0000000019880000 	/System/Library/PrivateFrameworks/SystemAdministration.framework/Versions/A/SystemAdministration
0x0000000019880000 	/System/Library/PrivateFrameworks/AppContainer.framework/Versions/A/AppContainer
0x0000000019880000 	/System/Library/PrivateFrameworks/SecCodeWrapper.framework/Versions/A/SecCodeWrapper
0x0000000019880000 	/System/Library/PrivateFrameworks/DiskManagement.framework/Versions/A/DiskManagement
0x0000000019880000 	/System/Library/Frameworks/DirectoryService.framework/Versions/A/DirectoryService
0x0000000019880000 	/System/Library/PrivateFrameworks/DiskImages.framework/Versions/A/DiskImages
0x0000000019880000 	/System/Library/PrivateFrameworks/LoginUIKit.framework/Versions/A/Frameworks/LoginUICore.framework/Versions/A/LoginUICore
0x0000000019880000 	/usr/lib/libCoreStorage.dylib
0x0000000019880000 	/usr/lib/libcsfde.dylib
0x0000000019880000 	/usr/lib/libodfde.dylib
0x0000000019880000 	/System/Library/PrivateFrameworks/MediaKit.framework/Versions/A/MediaKit
0x0000000019880000 	/System/Library/Frameworks/DiscRecording.framework/Versions/A/DiscRecording
0x0000000019880000 	/System/Library/PrivateFrameworks/EFILogin.framework/Versions/A/EFILogin
0x0000000019880000 	/System/Library/PrivateFrameworks/ProtectedCloudStorage.framework/Versions/A/ProtectedCloudStorage
0x0000000019880000 	/usr/lib/libcurl.4.dylib
0x0000000019880000 	/usr/lib/libcrypto.35.dylib
0x0000000019880000 	/usr/lib/libssl.35.dylib
0x0000000019880000 	/System/Library/Frameworks/LDAP.framework/Versions/A/LDAP
0x0000000019880000 	/System/Library/PrivateFrameworks/TrustEvaluationAgent.framework/Versions/A/TrustEvaluationAgent
0x0000000019880000 	/usr/lib/libsasl2.2.dylib
0x0000000019880000 	/System/Library/PrivateFrameworks/CoreDaemon.framework/Versions/B/CoreDaemon
0x0000000019880000 	/System/Library/PrivateFrameworks/AppleSRP.framework/Versions/A/AppleSRP
0x0000000019880000 	/System/Library/Frameworks/OpenGL.framework/Versions/A/Resources/GLEngine.bundle/GLEngine
0x0000000019880000 	/System/Library/Frameworks/OpenGL.framework/Versions/A/Libraries/libGLProgrammability.dylib
0x0000000125851000 	/System/Library/Extensions/AppleIntelSKLGraphicsGLDriver.bundle/Contents/MacOS/AppleIntelSKLGraphicsGLDriver
0x0000000019880000 	/System/Library/PrivateFrameworks/GPUSupport.framework/Versions/A/Libraries/libGPUSupportMercury.dylib
0x0000000019880000 	/System/Library/Frameworks/OpenGL.framework/Versions/A/Resources/GLRendererFloat.bundle/GLRendererFloat
0x0000000019880000 	/System/Library/Frameworks/OpenCL.framework/Versions/A/Libraries/libcldcpuengine.dylib
0x0000000019880000 	/System/Library/PrivateFrameworks/ViewBridge.framework/Versions/A/ViewBridge
0x0000000127369000 	/Library/Java/JavaVirtualMachines/jdk1.8.0_144.jdk/Contents/Home/jre/lib/libfontmanager.dylib
0x00000001273d0000 	/Library/Java/JavaVirtualMachines/jdk1.8.0_144.jdk/Contents/Home/jre/lib/libosxui.dylib
0x000000012c2f4000 	/Library/Java/JavaVirtualMachines/jdk1.8.0_144.jdk/Contents/Home/jre/lib/libnio.dylib
0x0000000019880000 	/System/Library/PrivateFrameworks/login.framework/Versions/A/login
0x0000000125047000 	/private/var/folders/7x/wb71l_n55txcxk3ksv81f3kr0000gn/T/jffi5615040822614159021.dylib
0x00000001253e9000 	/Library/Java/JavaVirtualMachines/jdk1.8.0_144.jdk/Contents/Home/jre/lib/libmanagement.dylib
0x0000000019880000 	/System/Library/PrivateFrameworks/CloudDocs.framework/Versions/A/CloudDocs
0x0000000019880000 	/System/Library/PrivateFrameworks/FileProvider.framework/Versions/A/FileProvider
0x0000000019880000 	/System/Library/PrivateFrameworks/SpotlightIndex.framework/Versions/A/SpotlightIndex
0x0000000019880000 	/System/Library/PrivateFrameworks/SymptomDiagnosticReporter.framework/Versions/A/SymptomDiagnosticReporter
0x0000000019880000 	/System/Library/PrivateFrameworks/GenerationalStorage.framework/Versions/A/GenerationalStorage
0x0000000019880000 	/System/Library/PrivateFrameworks/ChunkingLibrary.framework/Versions/A/ChunkingLibrary
0x0000000019880000 	/System/Library/PrivateFrameworks/CoreNLP.framework/Versions/A/CoreNLP
0x0000000019880000 	/usr/lib/libmecab.1.0.0.dylib
0x0000000019880000 	/usr/lib/libgermantok.dylib
0x0000000019880000 	/usr/lib/libThaiTokenizer.dylib
0x0000000019880000 	/System/Library/Frameworks/CloudKit.framework/Versions/A/CloudKit
0x0000000019880000 	/System/Library/Frameworks/CoreLocation.framework/Versions/A/CoreLocation
0x0000000019880000 	/System/Library/PrivateFrameworks/GeoServices.framework/Versions/A/GeoServices

VM Arguments:
jvm_args: -javaagent:/Applications/IntelliJ IDEA.app/Contents/lib/idea_rt.jar=54392:/Applications/IntelliJ IDEA.app/Contents/bin -Dfile.encoding=UTF-8 
java_command: TestGUI
java_class_path (initial): /Library/Java/JavaVirtualMachines/jdk1.8.0_144.jdk/Contents/Home/jre/lib/charsets.jar:/Library/Java/JavaVirtualMachines/jdk1.8.0_144.jdk/Contents/Home/jre/lib/deploy.jar:/Library/Java/JavaVirtualMachines/jdk1.8.0_144.jdk/Contents/Home/jre/lib/ext/cldrdata.jar:/Library/Java/JavaVirtualMachines/jdk1.8.0_144.jdk/Contents/Home/jre/lib/ext/dnsns.jar:/Library/Java/JavaVirtualMachines/jdk1.8.0_144.jdk/Contents/Home/jre/lib/ext/jaccess.jar:/Library/Java/JavaVirtualMachines/jdk1.8.0_144.jdk/Contents/Home/jre/lib/ext/jfxrt.jar:/Library/Java/JavaVirtualMachines/jdk1.8.0_144.jdk/Contents/Home/jre/lib/ext/localedata.jar:/Library/Java/JavaVirtualMachines/jdk1.8.0_144.jdk/Contents/Home/jre/lib/ext/nashorn.jar:/Library/Java/JavaVirtualMachines/jdk1.8.0_144.jdk/Contents/Home/jre/lib/ext/sunec.jar:/Library/Java/JavaVirtualMachines/jdk1.8.0_144.jdk/Contents/Home/jre/lib/ext/sunjce_provider.jar:/Library/Java/JavaVirtualMachines/jdk1.8.0_144.jdk/Contents/Home/jre/lib/ext/sunpkcs11.jar:/Library/Java/JavaVirtualMachines/jdk1.8.0_144.jdk/Contents/Home/jre/lib/ext/zipfs.jar:/Library/Java/JavaVirtualMachines/jdk1.8.0_144.jdk/Contents/Home/jre/lib/javaws.jar:/Library/Java/JavaVirtualMachines/jdk1.8.0_144.jdk/Contents/Home/jre/lib/jce.jar:/Library/Java/JavaVirtualMachines/jdk1.8.0_144.jdk/Contents/Home/jre/lib/jfr.jar:/Library/Java/JavaVirtualMachines/jdk1.8.0_144.jdk/Contents/Home/jre/lib/jfxswt.jar:/Library/Java/JavaVirtualMachines/jdk1.8.0_144.jdk/Contents/Home/jre/lib/jsse.jar:/Library/Java/JavaVirtualMachines/jdk1.8.0_144.jdk/Contents/Home/jre/lib/management-agent.jar:/Library/Java/JavaVirtualMachines/jdk1.8.0_144.jdk/Contents/Home/jre/lib/plugin.jar:/Library/Java/JavaVirtualMachines/jdk1.8.0_144.jdk/Contents/Home/jre/lib/resources.jar:/Library/Java/JavaVirtualMachines/jdk1.8.0_144.jdk/Contents/Home/jre/lib/rt.jar:/Library/Java/JavaVirtualMachines/jdk1.8.0_144.jdk/Contents/Home/lib/ant-javafx.jar:/Library/Java/JavaVirtualMachines/jdk1.8.0_144.jdk/Contents/Home
Launcher Type: SUN_STANDARD

Environment Variables:
CLASSPATH=:/Users/scarletta/Downloads/zql/classes
PATH=/Library/Frameworks/Python.framework/Versions/2.7/bin:/usr/local/bin:/usr/bin:/bin:/usr/sbin:/sbin:/Library/PostgreSQL/10/bin :/usr/local/share/dotnet:/Library/Frameworks/Mono.framework/Versions/Current/Commands:/Library/PostgreSQL/10/bin
SHELL=/bin/bash

Signal Handlers:
SIGSEGV: [libjvm.dylib+0x5b26e5], sa_mask[0]=11111111011111110111111111111111, sa_flags=SA_ONSTACK|SA_RESTART|SA_SIGINFO
SIGBUS: [libjvm.dylib+0x5b26e5], sa_mask[0]=11111111011111110111111111111111, sa_flags=SA_RESTART|SA_SIGINFO
SIGFPE: [libjvm.dylib+0x489100], sa_mask[0]=11111111011111110111111111111111, sa_flags=SA_RESTART|SA_SIGINFO
SIGPIPE: [libjvm.dylib+0x489100], sa_mask[0]=11111111011111110111111111111111, sa_flags=SA_RESTART|SA_SIGINFO
SIGXFSZ: [libjvm.dylib+0x489100], sa_mask[0]=11111111011111110111111111111111, sa_flags=SA_RESTART|SA_SIGINFO
SIGILL: [libjvm.dylib+0x489100], sa_mask[0]=11111111011111110111111111111111, sa_flags=SA_RESTART|SA_SIGINFO
SIGUSR1: SIG_DFL, sa_mask[0]=00000000000000000000000000000000, sa_flags=none
SIGUSR2: [libjvm.dylib+0x488c1e], sa_mask[0]=00100000000000000000000000000000, sa_flags=SA_RESTART|SA_SIGINFO
SIGHUP: [libjvm.dylib+0x4871f5], sa_mask[0]=11111111011111110111111111111111, sa_flags=SA_RESTART|SA_SIGINFO
SIGINT: [libjvm.dylib+0x4871f5], sa_mask[0]=11111111011111110111111111111111, sa_flags=SA_RESTART|SA_SIGINFO
SIGTERM: [libjvm.dylib+0x4871f5], sa_mask[0]=11111111011111110111111111111111, sa_flags=SA_RESTART|SA_SIGINFO
SIGQUIT: [libjvm.dylib+0x4871f5], sa_mask[0]=11111111011111110111111111111111, sa_flags=SA_RESTART|SA_SIGINFO


---------------  S Y S T E M  ---------------

OS:Bsduname:Darwin 17.5.0 Darwin Kernel Version 17.5.0: Mon Mar  5 22:24:32 PST 2018; root:xnu-4570.51.1~1/RELEASE_X86_64 x86_64
rlimit: STACK 8192k, CORE 0k, NPROC 709, NOFILE 10240, AS infinity
load average:2.14 2.12 2.12

CPU:total 4 (initial active 4) (2 cores per cpu, 2 threads per core) family 6 model 78 stepping 3, cmov, cx8, fxsr, mmx, sse, sse2, sse3, ssse3, sse4.1, sse4.2, popcnt, avx, avx2, aes, clmul, erms, rtm, 3dnowpref, lzcnt, ht, tsc, tscinvbit, bmi1, bmi2, adx

Memory: 4k page, physical 8388608k(427856k free)

/proc/meminfo:


vm_info: Java HotSpot(TM) 64-Bit Server VM (25.144-b01) for bsd-amd64 JRE (1.8.0_144-b01), built on Jul 21 2017 22:07:42 by "java_re" with gcc 4.2.1 (Based on Apple Inc. build 5658) (LLVM build 2336.11.00)

time: Wed Aug 15 08:29:38 2018
elapsed time: 4158 seconds (0d 1h 9m 18s)

